<?xml version="1.0" encoding="UTF-8" ?>
<testsuite errors="0" failures="0" hostname="developer" name="mz.com.caelum.romano.controller.NumeroConversorTest" skipped="0" tests="7" time="0.053" timestamp="2016-08-28T20:44:23">
  <properties>
    <property name="file.encoding.pkg" value="sun.io" />
    <property name="ivy.retrieve.pattern.ivy.instance" value="/home/danilo/Documents/formacao-agil/workspace/pm87-conversor/lib/[artifact]-[revision](-[classifier]).[ext]" />
    <property name="ant.file.pm87-conversor" value="/home/danilo/Documents/formacao-agil/workspace/pm87-conversor/build.xml" />
    <property name="java.vendor.url.ivy.instance" value="http://java.oracle.com/" />
    <property name="ivy.local.default.ivy.pattern.ivy.instance" value="[organisation]/[module]/[revision]/[type]s/[artifact].[ext]" />
    <property name="ivy.project.dir.ivy.instance" value="/home/danilo/Documents/formacao-agil/workspace/pm87-conversor" />
    <property name="ivy.resolve.default.type.filter" value="*" />
    <property name="java.home" value="/usr/local/jdk/jdk1.7.0_71/jre" />
    <property name="ivy.configurations.ivy.instance" value="*" />
    <property name="test.src.dir" value="src/test/java" />
    <property name="ivy.basedir.ivy.instance" value="/home/danilo/Documents/formacao-agil/workspace/pm87-conversor" />
    <property name="ivy.dep.file.ivy.instance" value="ivy.xml" />
    <property name="java.endorsed.dirs" value="/usr/local/jdk/jdk1.7.0_71/jre/lib/endorsed" />
    <property name="java.class.path.ivy.instance" value="/opt/apache-ant-1.9.7/lib/ant-launcher.jar:/opt/apache-ant-1.9.7/lib/asm-2.2.3.jar:/opt/apache-ant-1.9.7/lib/ant-junit.jar:/opt/apache-ant-1.9.7/lib/ant-netrexx-1.9.3.jar:/opt/apache-ant-1.9.7/lib/commons-el-1.0.jar:/opt/apache-ant-1.9.7/lib/xalan-2.7.1.jar:/opt/apache-ant-1.9.7/lib/ant.jar:/opt/apache-ant-1.9.7/lib/ant-junit4.jar:/opt/apache-ant-1.9.7/lib/oro-2.0.8.jar:/opt/apache-ant-1.9.7/lib/serializer-2.7.1.jar:/opt/apache-ant-1.9.7/lib/asm-commons-2.2.3.jar:/opt/apache-ant-1.9.7/lib/ant-antlr.jar:/opt/apache-ant-1.9.7/lib/commons-logging-1.0.4.jar:/opt/apache-ant-1.9.7/lib/ant-commons-logging.jar:/opt/apache-ant-1.9.7/lib/ant-commons-net.jar:/opt/apache-ant-1.9.7/lib/commons-net-1.4.1.jar:/opt/apache-ant-1.9.7/lib/commons-logging-api-1.1.jar:/opt/apache-ant-1.9.7/lib/maven-artifact-ant-2.0.4-dep.jar:/opt/apache-ant-1.9.7/lib/ant-apache-log4j.jar:/opt/apache-ant-1.9.7/lib/hamcrest-core-1.3.jar:/opt/apache-ant-1.9.7/lib/regexp-1.2.jar:/opt/apache-ant-1.9.7/lib/mail-1.4.jar:/opt/apache-ant-1.9.7/lib/ant-apache-regexp.jar:/opt/apache-ant-1.9.7/lib/jsch-0.1.50.jar:/opt/apache-ant-1.9.7/lib/jruby-0.9.8.jar:/opt/apache-ant-1.9.7/lib/activation-1.1.jar:/opt/apache-ant-1.9.7/lib/bcel-5.1.jar:/opt/apache-ant-1.9.7/lib/ant-swing.jar:/opt/apache-ant-1.9.7/lib/jai-codec-1.1.3.jar:/opt/apache-ant-1.9.7/lib/jasper-compiler-5.5.12.jar:/opt/apache-ant-1.9.7/lib/ant-apache-xalan2.jar:/opt/apache-ant-1.9.7/lib/which-1.0.jar:/opt/apache-ant-1.9.7/lib/jai-core-1.1.3.jar:/opt/apache-ant-1.9.7/lib/ant-jmf.jar:/opt/apache-ant-1.9.7/lib/jsp-api.jar:/opt/apache-ant-1.9.7/lib/ant-javamail.jar:/opt/apache-ant-1.9.7/lib/ant-netrexx.jar:/opt/apache-ant-1.9.7/lib/antlr-2.7.7.jar:/opt/apache-ant-1.9.7/lib/servlet-api-2.3.jar:/opt/apache-ant-1.9.7/lib/bsh-2.0b4.jar:/opt/apache-ant-1.9.7/lib/ant-apache-bsf.jar:/opt/apache-ant-1.9.7/lib/ant-jdepend.jar:/opt/apache-ant-1.9.7/lib/ant-apache-oro.jar:/opt/apache-ant-1.9.7/lib/ant-testutil.jar:/opt/apache-ant-1.9.7/lib/bsf-2.4.0.jar:/opt/apache-ant-1.9.7/lib/jdepend-2.9.1.jar:/opt/apache-ant-1.9.7/lib/log4j-1.2.14.jar:/opt/apache-ant-1.9.7/lib/xml-apis-1.3.04.jar:/opt/apache-ant-1.9.7/lib/jasper-runtime-5.5.12.jar:/opt/apache-ant-1.9.7/lib/js-1.6R7.jar:/opt/apache-ant-1.9.7/lib/regexp-1.3.jar:/opt/apache-ant-1.9.7/lib/bsh-core-2.0b4.jar:/opt/apache-ant-1.9.7/lib/ant-launcher.jar:/opt/apache-ant-1.9.7/lib/ant-jai.jar:/opt/apache-ant-1.9.7/lib/junit-4.11.jar:/opt/apache-ant-1.9.7/lib/ant-jsch.jar:/opt/apache-ant-1.9.7/lib/asm-tree-2.2.3.jar:/opt/apache-ant-1.9.7/lib/ant-apache-bcel.jar:/opt/apache-ant-1.9.7/lib/xml-resolver-1.2.jar:/opt/apache-ant-1.9.7/lib/ant-apache-resolver.jar:/usr/local/jdk/jdk1.7.0_71/lib/tools.jar" />
    <property name="ivy.home" value="/home/danilo/.ivy2" />
    <property name="src.dir" value="src/main/java" />
    <property name="java.vm.specification.vendor.ivy.instance" value="Oracle Corporation" />
    <property name="sun.os.patch.level" value="unknown" />
    <property name="ivy.dep.file" value="ivy.xml" />
    <property name="java.vendor.url" value="http://java.oracle.com/" />
    <property name="ivy.local.default.artifact.pattern.ivy.instance" value="[organisation]/[module]/[revision]/[type]s/[artifact].[ext]" />
    <property name="ivy.lib.dir.ivy.instance" value="/home/danilo/Documents/formacao-agil/workspace/pm87-conversor/lib" />
    <property name="java.version" value="1.7.0_71" />
    <property name="ivy.conf.dir.ivy.instance" value="jar:file:/home/danilo/Documents/formacao-agil/workspace/pm87-conversor/ivy-2.4.0.jar!/org/apache/ivy/core/settings" />
    <property name="sun.boot.library.path.ivy.instance" value="/usr/local/jdk/jdk1.7.0_71/jre/lib/amd64" />
    <property name="ivy.report.output.pattern.ivy.instance" value="[organisation]-[module]-[conf].[ext]" />
    <property name="ivy.module" value="pm87-conversor" />
    <property name="ivy.publish.src.artifacts.pattern.ivy.instance" value="/home/danilo/Documents/formacao-agil/workspace/pm87-conversor/distrib/[type]s/[artifact]-[revision](-[classifier]).[ext]" />
    <property name="java.vendor.url.bug" value="http://bugreport.sun.com/bugreport/" />
    <property name="sun.management.compiler.ivy.instance" value="HotSpot 64-Bit Tiered Compilers" />
    <property name="ant.project.invoked-targets" value="test" />
    <property name="ivy.local.default.artifact.pattern" value="[organisation]/[module]/[revision]/[type]s/[artifact].[ext]" />
    <property name="os.name.ivy.instance" value="Linux" />
    <property name="ivy.default.ivy.user.dir.ivy.instance" value="/home/danilo/.ivy2" />
    <property name="ivy.default.always.check.exact.revision" value="false" />
    <property name="ivy.default.settings.dir.ivy.instance" value="jar:file:/home/danilo/Documents/formacao-agil/workspace/pm87-conversor/ivy-2.4.0.jar!/org/apache/ivy/core/settings" />
    <property name="user.name" value="danilo" />
    <property name="sun.io.unicode.encoding" value="UnicodeLittle" />
    <property name="ivy.shared.default.root.ivy.instance" value="/home/danilo/.ivy2/shared" />
    <property name="sun.jnu.encoding" value="UTF-8" />
    <property name="java.runtime.name" value="Java(TM) SE Runtime Environment" />
    <property name="ant.home.ivy.instance" value="/opt/apache-ant-1.9.7" />
    <property name="output.dir" value="target" />
    <property name="file.encoding.ivy.instance" value="UTF-8" />
    <property name="ivy.cache.ttl.default.ivy.instance" value="10s" />
    <property name="java.specification.vendor.ivy.instance" value="Oracle Corporation" />
    <property name="java.vendor.ivy.instance" value="Oracle Corporation" />
    <property name="lib.dir" value="webapp/WEB-INF/lib" />
    <property name="sun.cpu.isalist.ivy.instance" value="" />
    <property name="java.specification.name" value="Java Platform API Specification" />
    <property name="user.timezone" value="" />
    <property name="java.endorsed.dirs.ivy.instance" value="/usr/local/jdk/jdk1.7.0_71/jre/lib/endorsed" />
    <property name="path.separator" value=":" />
    <property name="java.class.version.ivy.instance" value="51.0" />
    <property name="ivy.default.conf.dir" value="jar:file:/home/danilo/Documents/formacao-agil/workspace/pm87-conversor/ivy-2.4.0.jar!/org/apache/ivy/core/settings" />
    <property name="project.name" value="pm87-conversor" />
    <property name="file.encoding" value="UTF-8" />
    <property name="java.runtime.name.ivy.instance" value="Java(TM) SE Runtime Environment" />
    <property name="ivy.resolve.default.type.filter.ivy.instance" value="*" />
    <property name="ant.project.default-target" value="war" />
    <property name="ivy.targets.copied" value="false" />
    <property name="ivy.parents.count" value="0" />
    <property name="sun.java.command" value="org.apache.tools.ant.taskdefs.optional.junit.JUnitTestRunner mz.com.caelum.romano.controller.NumeroConversorTest skipNonTests=false filtertrace=true haltOnError=false haltOnFailure=true showoutput=false outputtoformatters=true logfailedtests=true threadid=0 logtestlistenerevents=false formatter=org.apache.tools.ant.taskdefs.optional.junit.BriefJUnitResultFormatter formatter=org.apache.tools.ant.taskdefs.optional.junit.XMLJUnitResultFormatter,/home/danilo/Documents/formacao-agil/workspace/pm87-conversor/target/test-results/TEST-mz.com.caelum.romano.controller.NumeroConversorTest.xml crashfile=/home/danilo/Documents/formacao-agil/workspace/pm87-conversor/junitvmwatcher5889873763541534645.properties propsfile=/home/danilo/Documents/formacao-agil/workspace/pm87-conversor/junit7997871800570729262.properties" />
    <property name="ivy.shared.default.artifact.pattern" value="[organisation]/[module]/[revision]/[type]s/[artifact].[ext]" />
    <property name="ant.file" value="/home/danilo/Documents/formacao-agil/workspace/pm87-conversor/build.xml" />
    <property name="ivy.distrib.dir.ivy.instance" value="/home/danilo/Documents/formacao-agil/workspace/pm87-conversor/distrib" />
    <property name="ivy.checksums.ivy.instance" value="sha1,md5" />
    <property name="sun.arch.data.model.ivy.instance" value="64" />
    <property name="ivy.build.artifacts.dir.ivy.instance" value="/home/danilo/Documents/formacao-agil/workspace/pm87-conversor/build/artifacts" />
    <property name="ivy.settings.file" value="ivysettings.xml" />
    <property name="java.io.tmpdir" value="/tmp" />
    <property name="ivy.buildlist.ivyfilepath.ivy.instance" value="ivy.xml" />
    <property name="ivy.cache.ttl.default" value="10s" />
    <property name="user.language" value="en" />
    <property name="user.dir.ivy.instance" value="/home/danilo/Documents/formacao-agil/workspace/pm87-conversor" />
    <property name="ivy.home.ivy.instance" value="/home/danilo/.ivy2" />
    <property name="line.separator" value="&#xa;" />
    <property name="java.specification.version.ivy.instance" value="1.7" />
    <property name="ant.file.type" value="file" />
    <property name="ivy.build.artifacts.dir" value="/home/danilo/Documents/formacao-agil/workspace/pm87-conversor/build/artifacts" />
    <property name="ivy.settings.dir.url" value="jar:file:/home/danilo/Documents/formacao-agil/workspace/pm87-conversor/ivy-2.4.0.jar!/org/apache/ivy/core/settings" />
    <property name="sun.io.unicode.encoding.ivy.instance" value="UnicodeLittle" />
    <property name="ivy.status" value="integration" />
    <property name="java.vm.info" value="mixed mode" />
    <property name="ivy.lib.dir" value="/home/danilo/Documents/formacao-agil/workspace/pm87-conversor/lib" />
    <property name="sun.desktop" value="gnome" />
    <property name="java.vm.specification.name" value="Java Virtual Machine Specification" />
    <property name="ivy.default.conf.dir.ivy.instance" value="jar:file:/home/danilo/Documents/formacao-agil/workspace/pm87-conversor/ivy-2.4.0.jar!/org/apache/ivy/core/settings" />
    <property name="java.vm.version.ivy.instance" value="24.71-b01" />
    <property name="user.name.ivy.instance" value="danilo" />
    <property name="ivy.cache.dir" value="/home/danilo/.ivy2/cache" />
    <property name="java.awt.printerjob" value="sun.print.PSPrinterJob" />
    <property name="java.io.tmpdir.ivy.instance" value="/tmp" />
    <property name="ant.version" value="Apache Ant(TM) version 1.9.7 compiled on April 9 2016" />
    <property name="java.home.ivy.instance" value="/usr/local/jdk/jdk1.7.0_71/jre" />
    <property name="java.vm.vendor.ivy.instance" value="Oracle Corporation" />
    <property name="test.build.dir" value="target/test-classes" />
    <property name="ivy.default.settings.dir" value="jar:file:/home/danilo/Documents/formacao-agil/workspace/pm87-conversor/ivy-2.4.0.jar!/org/apache/ivy/core/settings" />
    <property name="ivy.configurations" value="*" />
    <property name="ivy.settings.url" value="jar:file:/home/danilo/Documents/formacao-agil/workspace/pm87-conversor/ivy-2.4.0.jar!/org/apache/ivy/core/settings/ivysettings.xml" />
    <property name="os.name" value="Linux" />
    <property name="java.specification.vendor" value="Oracle Corporation" />
    <property name="sun.jnu.encoding.ivy.instance" value="UTF-8" />
    <property name="ivy.deliver.ivy.pattern.ivy.instance" value="/home/danilo/Documents/formacao-agil/workspace/pm87-conversor/distrib/[type]s/[artifact]-[revision](-[classifier]).[ext]" />
    <property name="webapp.dir" value="webapp" />
    <property name="ivy.checksums" value="sha1,md5" />
    <property name="java.vm.name" value="Java HotSpot(TM) 64-Bit Server VM" />
    <property name="ivy.jar.file" value="ivy-2.4.0.jar" />
    <property name="ivy.log.modules.in.use" value="false" />
    <property name="java.runtime.version.ivy.instance" value="1.7.0_71-b14" />
    <property name="ivy.report.output.pattern" value="[organisation]-[module]-[conf].[ext]" />
    <property name="ivy.version" value="2.4.0-rc1" />
    <property name="java.library.path" value="/usr/java/packages/lib/amd64:/usr/lib64:/lib64:/lib:/usr/lib" />
    <property name="ivy.conf.url" value="jar:file:/home/danilo/Documents/formacao-agil/workspace/pm87-conversor/ivy-2.4.0.jar!/org/apache/ivy/core/settings/ivysettings.xml" />
    <property name="java.vm.name.ivy.instance" value="Java HotSpot(TM) 64-Bit Server VM" />
    <property name="os.version.ivy.instance" value="3.5.0-23-generic" />
    <property name="line.separator.ivy.instance" value="&#xa;" />
    <property name="ant.java.version" value="1.7" />
    <property name="sun.desktop.ivy.instance" value="gnome" />
    <property name="sun.cpu.endian.ivy.instance" value="little" />
    <property name="java.vm.specification.name.ivy.instance" value="Java Virtual Machine Specification" />
    <property name="basedir" value="/home/danilo/Documents/formacao-agil/workspace/pm87-conversor" />
    <property name="java.class.version" value="51.0" />
    <property name="ivy.settings.url.ivy.instance" value="jar:file:/home/danilo/Documents/formacao-agil/workspace/pm87-conversor/ivy-2.4.0.jar!/org/apache/ivy/core/settings/ivysettings.xml" />
    <property name="path.separator.ivy.instance" value=":" />
    <property name="sun.boot.class.path.ivy.instance" value="/usr/local/jdk/jdk1.7.0_71/jre/lib/resources.jar:/usr/local/jdk/jdk1.7.0_71/jre/lib/rt.jar:/usr/local/jdk/jdk1.7.0_71/jre/lib/sunrsasign.jar:/usr/local/jdk/jdk1.7.0_71/jre/lib/jsse.jar:/usr/local/jdk/jdk1.7.0_71/jre/lib/jce.jar:/usr/local/jdk/jdk1.7.0_71/jre/lib/charsets.jar:/usr/local/jdk/jdk1.7.0_71/jre/lib/jfr.jar:/usr/local/jdk/jdk1.7.0_71/jre/classes" />
    <property name="ant.home" value="/opt/apache-ant-1.9.7" />
    <property name="ivy.resolved.configurations" value="default, provided, test, acceptance-test" />
    <property name="ivy.deliver.ivy.pattern" value="/home/danilo/Documents/formacao-agil/workspace/pm87-conversor/distrib/[type]s/[artifact]-[revision](-[classifier]).[ext]" />
    <property name="sun.boot.library.path" value="/usr/local/jdk/jdk1.7.0_71/jre/lib/amd64" />
    <property name="build.dir" value="webapp/WEB-INF/classes" />
    <property name="ivy.default.always.check.exact.revision.ivy.instance" value="false" />
    <property name="java.library.path.ivy.instance" value="/usr/java/packages/lib/amd64:/usr/lib64:/lib64:/lib:/usr/lib" />
    <property name="awt.toolkit.ivy.instance" value="sun.awt.X11.XToolkit" />
    <property name="ivy.basedir" value="/home/danilo/Documents/formacao-agil/workspace/pm87-conversor" />
    <property name="sun.management.compiler" value="HotSpot 64-Bit Tiered Compilers" />
    <property name="java.ext.dirs.ivy.instance" value="/usr/local/jdk/jdk1.7.0_71/jre/lib/ext:/usr/java/packages/lib/ext" />
    <property name="java.awt.graphicsenv" value="sun.awt.X11GraphicsEnvironment" />
    <property name="ivy.log.modules.in.use.ivy.instance" value="false" />
    <property name="ivy.settings.dir.url.ivy.instance" value="jar:file:/home/danilo/Documents/formacao-agil/workspace/pm87-conversor/ivy-2.4.0.jar!/org/apache/ivy/core/settings" />
    <property name="sun.os.patch.level.ivy.instance" value="unknown" />
    <property name="file.encoding.pkg.ivy.instance" value="sun.io" />
    <property name="ivy.shared.default.ivy.pattern" value="[organisation]/[module]/[revision]/[type]s/[artifact].[ext]" />
    <property name="ivy.resolver.default.check.modified" value="false" />
    <property name="ivy.settings.file.ivy.instance" value="ivysettings.xml" />
    <property name="ivy.nb.targets.copied" value="0" />
    <property name="ant.project.name" value="pm87-conversor" />
    <property name="ivy.cache.dir.ivy.instance" value="/home/danilo/.ivy2/cache" />
    <property name="java.vm.specification.version" value="1.7" />
    <property name="ivy.status.ivy.instance" value="integration" />
    <property name="awt.toolkit" value="sun.awt.X11.XToolkit" />
    <property name="sun.cpu.isalist" value="" />
    <property name="file.separator.ivy.instance" value="/" />
    <property name="java.ext.dirs" value="/usr/local/jdk/jdk1.7.0_71/jre/lib/ext:/usr/java/packages/lib/ext" />
    <property name="ivy.local.default.root.ivy.instance" value="/home/danilo/.ivy2/local" />
    <property name="ivy.deps.changed" value="true" />
    <property name="os.version" value="3.5.0-23-generic" />
    <property name="user.home" value="/home/danilo" />
    <property name="sun.java.launcher.ivy.instance" value="SUN_STANDARD" />
    <property name="java.vm.vendor" value="Oracle Corporation" />
    <property name="ivy.local.default.root" value="/home/danilo/.ivy2/local" />
    <property name="ivy.organisation" value="pm87-conversor" />
    <property name="user.dir" value="/home/danilo/Documents/formacao-agil/workspace/pm87-conversor" />
    <property name="ant.library.dir.ivy.instance" value="/opt/apache-ant-1.9.7/lib" />
    <property name="ivy.local.default.ivy.pattern" value="[organisation]/[module]/[revision]/[type]s/[artifact].[ext]" />
    <property name="ivy.shared.default.ivy.pattern.ivy.instance" value="[organisation]/[module]/[revision]/[type]s/[artifact].[ext]" />
    <property name="ivy.publish.src.artifacts.pattern" value="/home/danilo/Documents/formacao-agil/workspace/pm87-conversor/distrib/[type]s/[artifact]-[revision](-[classifier]).[ext]" />
    <property name="java.vm.info.ivy.instance" value="mixed mode" />
    <property name="sun.java.command.ivy.instance" value="org.apache.tools.ant.launch.Launcher -cp  test" />
    <property name="ivy.distrib.dir" value="/home/danilo/Documents/formacao-agil/workspace/pm87-conversor/distrib" />
    <property name="sun.cpu.endian" value="little" />
    <property name="ivy.revision" value="working@developer" />
    <property name="user.timezone.ivy.instance" value="Africa/Maputo" />
    <property name="java.vm.version" value="24.71-b01" />
    <property name="ivy.default.ivy.user.dir" value="/home/danilo/.ivy2" />
    <property name="java.class.path" value="/home/danilo/Documents/formacao-agil/workspace/pm87-conversor/lib/test/hamcrest-all-1.1.jar:/home/danilo/Documents/formacao-agil/workspace/pm87-conversor/lib/test/junit-4.8.2.jar:/home/danilo/Documents/formacao-agil/workspace/pm87-conversor/lib/test/mockito-all-1.8.5.jar:/home/danilo/Documents/formacao-agil/workspace/pm87-conversor/webapp/WEB-INF/lib/aopalliance-1.0.jar:/home/danilo/Documents/formacao-agil/workspace/pm87-conversor/webapp/WEB-INF/lib/commons-logging-1.1.1.jar:/home/danilo/Documents/formacao-agil/workspace/pm87-conversor/webapp/WEB-INF/lib/joda-time-2.6.jar:/home/danilo/Documents/formacao-agil/workspace/pm87-conversor/webapp/WEB-INF/lib/jstl-1.2.jar:/home/danilo/Documents/formacao-agil/workspace/pm87-conversor/webapp/WEB-INF/lib/log4j-1.2.17.jar:/home/danilo/Documents/formacao-agil/workspace/pm87-conversor/webapp/WEB-INF/lib/slf4j-api-1.7.9.jar:/home/danilo/Documents/formacao-agil/workspace/pm87-conversor/webapp/WEB-INF/lib/slf4j-log4j12-1.7.9.jar:/home/danilo/Documents/formacao-agil/workspace/pm87-conversor/webapp/WEB-INF/lib/spring-aop-3.0.3.RELEASE.jar:/home/danilo/Documents/formacao-agil/workspace/pm87-conversor/webapp/WEB-INF/lib/spring-asm-3.0.3.RELEASE.jar:/home/danilo/Documents/formacao-agil/workspace/pm87-conversor/webapp/WEB-INF/lib/spring-beans-3.0.3.RELEASE.jar:/home/danilo/Documents/formacao-agil/workspace/pm87-conversor/webapp/WEB-INF/lib/spring-context-3.0.3.RELEASE.jar:/home/danilo/Documents/formacao-agil/workspace/pm87-conversor/webapp/WEB-INF/lib/spring-context-support-3.0.3.RELEASE.jar:/home/danilo/Documents/formacao-agil/workspace/pm87-conversor/webapp/WEB-INF/lib/spring-core-3.0.3.RELEASE.jar:/home/danilo/Documents/formacao-agil/workspace/pm87-conversor/webapp/WEB-INF/lib/spring-expression-3.0.3.RELEASE.jar:/home/danilo/Documents/formacao-agil/workspace/pm87-conversor/webapp/WEB-INF/lib/spring-web-3.0.3.RELEASE.jar:/home/danilo/Documents/formacao-agil/workspace/pm87-conversor/webapp/WEB-INF/lib/spring-webmvc-3.0.3.RELEASE.jar:/home/danilo/Documents/formacao-agil/workspace/pm87-conversor/lib/provided/javax.servlet-api-3.1.0.jar:/home/danilo/Documents/formacao-agil/workspace/pm87-conversor/lib/provided/jsp-api-2.2.1-b03.jar:/home/danilo/Documents/formacao-agil/workspace/pm87-conversor/target/test-classes:/home/danilo/Documents/formacao-agil/workspace/pm87-conversor/webapp/WEB-INF/classes:/opt/apache-ant-1.9.7/lib/junit-4.11.jar:/opt/apache-ant-1.9.7/lib/ant-launcher.jar:/opt/apache-ant-1.9.7/lib/ant.jar:/opt/apache-ant-1.9.7/lib/ant-junit.jar:/opt/apache-ant-1.9.7/lib/ant-junit4.jar" />
    <property name="user.home.ivy.instance" value="/home/danilo" />
    <property name="basedir.ivy.instance" value="/home/danilo/Documents/formacao-agil/workspace/pm87-conversor" />
    <property name="ant.library.dir" value="/opt/apache-ant-1.9.7/lib" />
    <property name="os.arch" value="amd64" />
    <property name="java.awt.graphicsenv.ivy.instance" value="sun.awt.X11GraphicsEnvironment" />
    <property name="java.vendor.url.bug.ivy.instance" value="http://bugreport.sun.com/bugreport/" />
    <property name="java.vm.specification.version.ivy.instance" value="1.7" />
    <property name="ant.file.type.pm87-conversor" value="file" />
    <property name="sun.java.launcher" value="SUN_STANDARD" />
    <property name="java.awt.printerjob.ivy.instance" value="sun.print.PSPrinterJob" />
    <property name="ivy.settings.dir.ivy.instance" value="jar:file:/home/danilo/Documents/formacao-agil/workspace/pm87-conversor/ivy-2.4.0.jar!/org/apache/ivy/core/settings" />
    <property name="ivy.resolver.default.check.modified.ivy.instance" value="false" />
    <property name="ant.core.lib" value="/opt/apache-ant-1.9.7/lib/ant.jar" />
    <property name="java.vm.specification.vendor" value="Oracle Corporation" />
    <property name="ivy.settings.dir" value="jar:file:/home/danilo/Documents/formacao-agil/workspace/pm87-conversor/ivy-2.4.0.jar!/org/apache/ivy/core/settings" />
    <property name="file.separator" value="/" />
    <property name="user.language.ivy.instance" value="en" />
    <property name="ivy.shared.default.artifact.pattern.ivy.instance" value="[organisation]/[module]/[revision]/[type]s/[artifact].[ext]" />
    <property name="user.country.ivy.instance" value="US" />
    <property name="ivy.conf.url.ivy.instance" value="jar:file:/home/danilo/Documents/formacao-agil/workspace/pm87-conversor/ivy-2.4.0.jar!/org/apache/ivy/core/settings/ivysettings.xml" />
    <property name="java.runtime.version" value="1.7.0_71-b14" />
    <property name="java.specification.name.ivy.instance" value="Java Platform API Specification" />
    <property name="sun.boot.class.path" value="/usr/local/jdk/jdk1.7.0_71/jre/lib/resources.jar:/usr/local/jdk/jdk1.7.0_71/jre/lib/rt.jar:/usr/local/jdk/jdk1.7.0_71/jre/lib/sunrsasign.jar:/usr/local/jdk/jdk1.7.0_71/jre/lib/jsse.jar:/usr/local/jdk/jdk1.7.0_71/jre/lib/jce.jar:/usr/local/jdk/jdk1.7.0_71/jre/lib/charsets.jar:/usr/local/jdk/jdk1.7.0_71/jre/lib/jfr.jar:/usr/local/jdk/jdk1.7.0_71/jre/classes" />
    <property name="ivy.conf.dir" value="jar:file:/home/danilo/Documents/formacao-agil/workspace/pm87-conversor/ivy-2.4.0.jar!/org/apache/ivy/core/settings" />
    <property name="ivy.retrieve.pattern" value="/home/danilo/Documents/formacao-agil/workspace/pm87-conversor/lib/[artifact]-[revision](-[classifier]).[ext]" />
    <property name="user.country" value="US" />
    <property name="ivy.shared.default.root" value="/home/danilo/.ivy2/shared" />
    <property name="java.version.ivy.instance" value="1.7.0_71" />
    <property name="ivy.resolved.file" value="/home/danilo/Documents/formacao-agil/workspace/pm87-conversor/ivy.xml" />
    <property name="os.arch.ivy.instance" value="amd64" />
    <property name="java.vendor" value="Oracle Corporation" />
    <property name="ivy.project.dir" value="/home/danilo/Documents/formacao-agil/workspace/pm87-conversor" />
    <property name="java.specification.version" value="1.7" />
    <property name="sun.arch.data.model" value="64" />
    <property name="ivy.buildlist.ivyfilepath" value="ivy.xml" />
  </properties>
  <testcase classname="mz.com.caelum.romano.controller.NumeroConversorTest" name="deveRetornarValorNumericoDeApenasUmSimboloRomano" time="0.002" />
  <testcase classname="mz.com.caelum.romano.controller.NumeroConversorTest" name="deveRetornarQuantidadeTotalDeSimbolos" time="0.0" />
  <testcase classname="mz.com.caelum.romano.controller.NumeroConversorTest" name="deveVerificarSeExisteSequenciaRomanaEntreDoisValores" time="0.0" />
  <testcase classname="mz.com.caelum.romano.controller.NumeroConversorTest" name="deveConverterSimboloRomanoEmDecimal" time="0.0" />
  <testcase classname="mz.com.caelum.romano.controller.NumeroConversorTest" name="deveCalcularSubtraccaoDeSimbolosRomanosParaDecimal" time="0.001" />
  <testcase classname="mz.com.caelum.romano.controller.NumeroConversorTest" name="deveRetornaFalsoSeSimboloRomanoNaoExistir" time="0.0" />
  <testcase classname="mz.com.caelum.romano.controller.NumeroConversorTest" name="deveRetornarMaiorValorRomano" time="0.0" />
  <system-out><![CDATA[]]></system-out>
  <system-err><![CDATA[]]></system-err>
</testsuite>
